\BOOKMARK [1][-]{section.0.1}{\376\377\000M\000o\000d\000u\000l\000e\000\040\000F\000u\000n\000c\000t\000i\000o\000n\000e\000e\000l\000\040\000P\000r\000o\000g\000r\000a\000m\000m\000e\000r\000e\000n}{}% 1
\BOOKMARK [1][-]{section.0.2}{\376\377\000I\000n\000l\000e\000i\000d\000i\000n\000g}{}% 2
\BOOKMARK [1][-]{section.0.3}{\376\377\000O\000v\000e\000r\000z\000i\000c\000h\000t}{}% 3
\BOOKMARK [2][-]{subsection.0.3.1}{\376\377\000W\000a\000a\000r\000d\000e\000n\000,\000\040\000e\000x\000p\000r\000e\000s\000s\000i\000e\000s\000\040\000e\000n\000\040\000n\000a\000m\000e\000n}{section.0.3}% 4
\BOOKMARK [2][-]{subsection.0.3.2}{\376\377\000F\000u\000n\000c\000t\000i\000e\000s}{section.0.3}% 5
\BOOKMARK [2][-]{subsection.0.3.3}{\376\377\000T\000y\000p\000e\000s\000\040\000e\000n\000\040\000w\000a\000a\000r\000d\000e\000n}{section.0.3}% 6
\BOOKMARK [2][-]{subsection.0.3.4}{\376\377\000F\000u\000n\000c\000t\000i\000e\000s\000\040\000a\000l\000s\000\040\000w\000a\000a\000r\000d\000e\000n}{section.0.3}% 7
\BOOKMARK [2][-]{subsection.0.3.5}{\376\377\000Z\000e\000l\000f\000-\000g\000e\000d\000e\000f\000i\000n\000i\000e\000e\000r\000d\000e\000\040\000d\000a\000t\000a\000-\000t\000y\000p\000e\000s}{section.0.3}% 8
\BOOKMARK [2][-]{subsection.0.3.6}{\376\377\000R\000e\000c\000u\000r\000s\000i\000e\000:\000\040\000d\000a\000t\000a\000-\000t\000y\000p\000e\000s\000\040\000e\000n\000\040\000f\000u\000n\000c\000t\000i\000e\000s}{section.0.3}% 9
\BOOKMARK [2][-]{subsection.0.3.7}{\376\377\000G\000e\000n\000e\000r\000i\000e\000k\000e\000\040\000f\000u\000n\000c\000t\000i\000e\000s\000\040\000\050\000m\000a\000p\000\040\000e\000n\000z\000.\000\051}{section.0.3}% 10
\BOOKMARK [1][-]{section.0.4}{\376\377\000W\000a\000a\000r\000d\000e\000n\000\040\000e\000n\000\040\000f\000u\000n\000c\000t\000i\000e\000s}{}% 11
\BOOKMARK [2][-]{subsection.0.4.1}{\376\377\000W\000a\000a\000r\000d\000e\000n\000,\000\040\000n\000a\000m\000e\000n\000\040\000e\000n\000\040\000e\000x\000p\000r\000e\000s\000s\000i\000e\000s}{section.0.4}% 12
\BOOKMARK [2][-]{subsection.0.4.2}{\376\377\000N\000a\000m\000e\000n\000:\000\040\000d\000e\000f\000i\000n\000i\000t\000i\000e\000\040\000e\000n\000\040\000g\000e\000b\000r\000u\000i\000k}{section.0.4}% 13
\BOOKMARK [2][-]{subsection.0.4.3}{\376\377\000F\000u\000n\000c\000t\000i\000e\000s\000:\000\040\000d\000e\000f\000i\000n\000i\000t\000i\000e\000\040\000e\000n\000\040\000t\000o\000e\000p\000a\000s\000s\000i\000n\000g}{section.0.4}% 14
\BOOKMARK [1][-]{section.0.5}{\376\377\000E\000e\000n\000\040\000v\000o\000o\000r\000p\000r\000o\000e\000f\000j\000e\000\040\000v\000a\000n\000\040\000f\000u\000n\000c\000t\000i\000o\000n\000e\000e\000l\000\040\000p\000r\000o\000g\000r\000a\000m\000m\000e\000r\000e\000n\000\040\000i\000n\000\040\000H\000a\000s\000k\000e\000l\000l}{}% 15
\BOOKMARK [1][-]{section.0.6}{\376\377\000T\000y\000p\000e\000r\000i\000n\000g\000\040\000e\000n\000\040\000l\000i\000j\000s\000t\000e\000n}{}% 16
\BOOKMARK [2][-]{subsection.0.6.1}{\376\377\000T\000y\000p\000e\000r\000i\000n\000g\000\040\000v\000a\000n\000\040\000f\000u\000n\000c\000t\000i\000e\000s}{section.0.6}% 17
\BOOKMARK [1][-]{section.0.7}{\376\377\000F\000u\000n\000c\000t\000i\000e\000s\000\040\000a\000l\000s\000\040\000w\000a\000a\000r\000d\000e\000n}{}% 18
\BOOKMARK [2][-]{subsection.0.7.1}{\376\377\000L\000a\000m\000b\000d\000a\000-\000e\000x\000p\000r\000e\000s\000s\000i\000e\000s\000:\000\040\000a\000n\000o\000n\000i\000e\000m\000e\000\040\000f\000u\000n\000c\000t\000i\000e\000-\000w\000a\000a\000r\000d\000e\000n}{section.0.7}% 19
\BOOKMARK [2][-]{subsection.0.7.2}{\376\377\000F\000u\000n\000c\000t\000i\000e\000\040\000a\000l\000s\000\040\000o\000p\000e\000r\000a\000t\000o\000r\000,\000\040\000o\000p\000e\000r\000a\000t\000o\000r\000\040\000a\000l\000s\000\040\000f\000u\000n\000c\000t\000i\000e}{section.0.7}% 20
\BOOKMARK [2][-]{subsection.0.7.3}{\376\377\000F\000u\000n\000c\000t\000i\000e\000\040\000a\000l\000s\000\040\000p\000a\000r\000a\000m\000e\000t\000e\000r\000:\000\040\000m\000a\000p\000,\000\040\000r\000e\000d\000u\000c\000e\000,\000\040\000f\000i\000l\000t\000e\000r}{section.0.7}% 21
\BOOKMARK [2][-]{subsection.0.7.4}{\376\377\000F\000u\000n\000c\000t\000i\000e\000\040\000a\000l\000s\000\040\000r\000e\000s\000u\000l\000t\000a\000a\000t}{section.0.7}% 22
\BOOKMARK [2][-]{subsection.0.7.5}{\376\377\000F\000u\000n\000c\000t\000i\000e\000s\000\040\000i\000n\000\040\000d\000a\000t\000a\000s\000t\000r\000u\000c\000t\000u\000r\000e\000n}{section.0.7}% 23
\BOOKMARK [1][-]{section.0.8}{\376\377\000Z\000e\000l\000f\000-\000g\000e\000d\000e\000f\000i\000n\000i\000e\000e\000r\000d\000e\000\040\000d\000a\000t\000a\000t\000y\000p\000e\000s}{}% 24
\BOOKMARK [2][-]{subsection.0.8.1}{\376\377\000A\000l\000t\000e\000r\000n\000a\000t\000i\000e\000v\000e\000\040\000w\000a\000a\000r\000d\000e\000n}{section.0.8}% 25
\BOOKMARK [2][-]{subsection.0.8.2}{\376\377\000A\000l\000t\000e\000r\000n\000a\000t\000i\000e\000v\000e\000n\000\040\000m\000e\000t\000\040\000a\000t\000t\000r\000i\000b\000u\000t\000e\000n}{section.0.8}% 26
\BOOKMARK [1][-]{section.0.9}{\376\377\000R\000e\000c\000u\000r\000s\000i\000e\000v\000e\000\040\000d\000a\000t\000a\000t\000y\000p\000e\000s}{}% 27
\BOOKMARK [2][-]{subsection.0.9.1}{\376\377\000V\000o\000o\000r\000b\000e\000e\000l\000d\000:\000\040\000e\000x\000p\000r\000e\000s\000s\000i\000e\000s}{section.0.9}% 28
\BOOKMARK [2][-]{subsection.0.9.2}{\376\377\000V\000o\000o\000r\000b\000e\000e\000l\000d\000:\000\040\000v\000o\000r\000m\000e\000n}{section.0.9}% 29
\BOOKMARK [1][-]{section.0.10}{\376\377\000V\000o\000o\000r\000\040\000d\000e\000\040\000d\000o\000c\000e\000n\000t}{}% 30
\BOOKMARK [2][-]{subsection.0.10.1}{\376\377\000T\000i\000p\000s\000\040\000v\000o\000o\000r\000\040\000h\000e\000t\000\040\000g\000e\000b\000r\000u\000i\000k\000\040\000v\000a\000n\000\040\000J\000u\000p\000y\000t\000e\000r\000\040\000N\000o\000t\000e\000b\000o\000o\000k}{section.0.10}% 31
\BOOKMARK [1][-]{section.0.11}{\376\377\000O\000v\000e\000r\000\040\000d\000e\000z\000e\000\040\000m\000o\000d\000u\000l\000e}{}% 32
