Rc files read:
  NONE
Latexmk: This is Latexmk, John Collins, 15 June 2025. Version 4.87.
No existing .aux file, so I'll make a simple one, and require run of *latex.
Latexmk: applying rule 'xelatex'...
Rule 'xelatex':  Reasons for rerun
Category 'other':
  Rerun of 'xelatex' forced or previously required:
    Reason or flag: 'Initial setup'

------------
Run number 1 of rule 'xelatex'
------------
------------
Running 'xelatex -no-pdf -synctex=1 -interaction=batchmode -file-line-error -shell-escape -recorder  "fpbook2.tex"'
------------
This is XeTeX, Version 3.141592653-2.6-0.999997 (TeX Live 2025) (preloaded format=xelatex)
 \write18 enabled.
entering extended mode

SyncTeX written on fpbook2.synctex.gz.Latexmk: Getting log file 'fpbook2.log'
Latexmk: Examining 'fpbook2.fls'
Latexmk: Examining 'fpbook2.log'
Latexmk: References changed.
Latexmk: Missing input file 'fpbook2.toc' message in .log file:
  No file fpbook2.toc.
Latexmk: References changed.
Latexmk: Log file says output to 'fpbook2.xdv'
Latexmk: Using bibtex to make bibliography file(s).
Latexmk: applying rule 'xelatex'...
Rule 'xelatex':  Reasons for rerun
Changed files or newly in use/created:
  fpbook2-index.aux
  fpbook2-inleiding.aux
  fpbook2-nb1.aux
  fpbook2-nb2.aux
  fpbook2-nb3.aux
  fpbook2-nb4.aux
  fpbook2-nb5.aux
  fpbook2-nb8.aux
  fpbook2-over-deze-module.aux
  fpbook2-overzicht.aux
  fpbook2-voor-de-docent.aux
  fpbook2.aux
  fpbook2.out
  fpbook2.toc

------------
Run number 2 of rule 'xelatex'
------------
------------
Running 'xelatex -no-pdf -synctex=1 -interaction=batchmode -file-line-error -shell-escape -recorder  "fpbook2.tex"'
------------
This is XeTeX, Version 3.141592653-2.6-0.999997 (TeX Live 2025) (preloaded format=xelatex)
 \write18 enabled.
entering extended mode

SyncTeX written on fpbook2.synctex.gz.Latexmk: Getting log file 'fpbook2.log'
Latexmk: Examining 'fpbook2.fls'
Latexmk: Examining 'fpbook2.log'
Latexmk: Log file says output to 'fpbook2.xdv'
Latexmk: Using bibtex to make bibliography file(s).
Latexmk: applying rule 'xdvipdfmx'...
Rule 'xdvipdfmx':  Reasons for rerun
Changed files or newly in use/created:
  fpbook2.xdv
Category 'changed_source_rules':
  xelatex
Category 'no_dest':
  xdvipdfmx

------------
Run number 1 of rule 'xdvipdfmx'
------------
------------
Running 'xdvipdfmx -E -o "fpbook2.pdf"  "fpbook2.xdv"'
------------
fpbook2.xdv -> fpbook2.pdf
[1][2
xdvipdfmx:warning: Object @page.i already defined.
][3][4][5][6][7][8][9][10][11][12][13][14][15][16][17][18][19][20][21][22][23][24][25][26][27][28][29][30][31]
104482 bytes written
Latexmk: All targets (fpbook2.xdv fpbook2.pdf) are up-to-date

